This is pdfTeX, Version 3.14159265-2.6-1.40.17 (MiKTeX 2.9.6100 64-bit) (preloaded format=pdflatex 2016.12.19)  22 DEC 2016 16:30
entering extended mode
**C:/Users/来宾/Documents/GitHub/paper/TPDS16_confluence/confluence.tex
(C:/Users/来宾/Documents/GitHub/paper/TPDS16_confluence/confluence.tex
LaTeX2e <2016/03/31> patch level 3
Babel <3.9r> and hyphenation patterns for 75 language(s) loaded.
(IEEEtran.cls
Document Class: IEEEtran 2014/09/17 V1.8a by Michael Shell
-- See the "IEEEtran_HOWTO" manual for usage information.
-- http://www.michaelshell.org/tex/ieeetran/
\@IEEEtrantmpdimenA=\dimen102
\@IEEEtrantmpdimenB=\dimen103
\@IEEEtrantmpdimenC=\dimen104
\@IEEEtrantmpcountA=\count79
\@IEEEtrantmpcountB=\count80
\@IEEEtrantmpcountC=\count81
\@IEEEtrantmptoksA=\toks14
-- Using IEEE Computer Society mode.
LaTeX Font Info:    Try loading font information for OT1+ppl on input line 458.

(D:\Programs\miktex\tex\latex\psnfss\ot1ppl.fd
File: ot1ppl.fd 2001/06/04 font definitions for OT1/ppl.
)
-- Using 8.5in x 11in (letter) paper.
-- Using PDF output.
\@IEEEnormalsizeunitybaselineskip=\dimen105
-- This is a 10 point document.
\CLASSINFOnormalsizebaselineskip=\dimen106
\CLASSINFOnormalsizeunitybaselineskip=\dimen107
\IEEEnormaljot=\dimen108
LaTeX Font Info:    Font shape `OT1/ppl/bx/n' in size <5.01874> not available
(Font)              Font shape `OT1/ppl/b/n' tried instead on input line 1039.
LaTeX Font Info:    Font shape `OT1/ppl/bx/it' in size <5.01874> not available
(Font)              Font shape `OT1/ppl/b/it' tried instead on input line 1039.

LaTeX Font Info:    Font shape `OT1/ppl/bx/n' in size <7.02625> not available
(Font)              Font shape `OT1/ppl/b/n' tried instead on input line 1039.
LaTeX Font Info:    Font shape `OT1/ppl/bx/it' in size <7.02625> not available
(Font)              Font shape `OT1/ppl/b/it' tried instead on input line 1039.

LaTeX Font Info:    Font shape `OT1/ppl/bx/n' in size <8.03> not available
(Font)              Font shape `OT1/ppl/b/n' tried instead on input line 1039.
LaTeX Font Info:    Font shape `OT1/ppl/bx/it' in size <8.03> not available
(Font)              Font shape `OT1/ppl/b/it' tried instead on input line 1039.

LaTeX Font Info:    Font shape `OT1/ppl/bx/n' in size <9.03374> not available
(Font)              Font shape `OT1/ppl/b/n' tried instead on input line 1039.
LaTeX Font Info:    Font shape `OT1/ppl/bx/it' in size <9.03374> not available
(Font)              Font shape `OT1/ppl/b/it' tried instead on input line 1039.

LaTeX Font Info:    Font shape `OT1/ppl/bx/n' in size <9.53561> not available
(Font)              Font shape `OT1/ppl/b/n' tried instead on input line 1039.
LaTeX Font Info:    Font shape `OT1/ppl/bx/it' in size <9.53561> not available
(Font)              Font shape `OT1/ppl/b/it' tried instead on input line 1039.

LaTeX Font Info:    Font shape `OT1/ppl/bx/n' in size <11.04124> not available
(Font)              Font shape `OT1/ppl/b/n' tried instead on input line 1039.
LaTeX Font Info:    Font shape `OT1/ppl/bx/it' in size <11.04124> not available

(Font)              Font shape `OT1/ppl/b/it' tried instead on input line 1039.

LaTeX Font Info:    Font shape `OT1/ppl/bx/n' in size <12.045> not available
(Font)              Font shape `OT1/ppl/b/n' tried instead on input line 1039.
LaTeX Font Info:    Font shape `OT1/ppl/bx/it' in size <12.045> not available
(Font)              Font shape `OT1/ppl/b/it' tried instead on input line 1039.

LaTeX Font Info:    Font shape `OT1/ppl/bx/n' in size <17.06374> not available
(Font)              Font shape `OT1/ppl/b/n' tried instead on input line 1039.
LaTeX Font Info:    Font shape `OT1/ppl/bx/it' in size <17.06374> not available

(Font)              Font shape `OT1/ppl/b/it' tried instead on input line 1039.

LaTeX Font Info:    Font shape `OT1/ppl/bx/n' in size <20.075> not available
(Font)              Font shape `OT1/ppl/b/n' tried instead on input line 1039.
LaTeX Font Info:    Font shape `OT1/ppl/bx/it' in size <20.075> not available
(Font)              Font shape `OT1/ppl/b/it' tried instead on input line 1039.

LaTeX Font Info:    Font shape `OT1/ppl/bx/n' in size <24.09> not available
(Font)              Font shape `OT1/ppl/b/n' tried instead on input line 1039.
LaTeX Font Info:    Font shape `OT1/ppl/bx/it' in size <24.09> not available
(Font)              Font shape `OT1/ppl/b/it' tried instead on input line 1039.

\IEEEquantizedlength=\dimen109
\IEEEquantizedlengthdiff=\dimen110
\IEEEquantizedtextheightdiff=\dimen111
\IEEEilabelindentA=\dimen112
\IEEEilabelindentB=\dimen113
\IEEEilabelindent=\dimen114
\IEEEelabelindent=\dimen115
\IEEEdlabelindent=\dimen116
\IEEElabelindent=\dimen117
\IEEEiednormlabelsep=\dimen118
\IEEEiedmathlabelsep=\dimen119
\IEEEiedtopsep=\skip41
\c@section=\count82
\c@subsection=\count83
\c@subsubsection=\count84
\c@paragraph=\count85
\c@IEEEsubequation=\count86
\abovecaptionskip=\skip42
\belowcaptionskip=\skip43
\c@figure=\count87
\c@table=\count88
\@IEEEeqnnumcols=\count89
\@IEEEeqncolcnt=\count90
\@IEEEsubeqnnumrollback=\count91
\@IEEEquantizeheightA=\dimen120
\@IEEEquantizeheightB=\dimen121
\@IEEEquantizeheightC=\dimen122
\@IEEEquantizeprevdepth=\dimen123
\@IEEEquantizemultiple=\count92
\@IEEEquantizeboxA=\box26
\@IEEEtmpitemindent=\dimen124
\c@IEEEbiography=\count93
\@IEEEtranrubishbin=\box27
) (D:\Programs\miktex\tex\latex\cite\cite.sty
LaTeX Info: Redefining \cite on input line 302.
LaTeX Info: Redefining \nocite on input line 332.
Package: cite 2015/02/27  v 5.5
)
(D:\Programs\miktex\tex\latex\graphics\graphicx.sty
Package: graphicx 2014/10/28 v1.0g Enhanced LaTeX Graphics (DPC,SPQR)

(D:\Programs\miktex\tex\latex\graphics\keyval.sty
Package: keyval 2014/10/28 v1.15 key=value parser (DPC)
\KV@toks@=\toks15
)
(D:\Programs\miktex\tex\latex\graphics\graphics.sty
Package: graphics 2016/07/10 v1.0t Standard LaTeX Graphics (DPC,SPQR)

(D:\Programs\miktex\tex\latex\graphics\trig.sty
Package: trig 2016/01/03 v1.10 sin cos tan (DPC)
)
(D:\Programs\miktex\tex\latex\graphics-cfg\graphics.cfg
File: graphics.cfg 2016/06/04 v1.11 sample graphics configuration
)
Package graphics Info: Driver file: pdftex.def on input line 99.

(D:\Programs\miktex\tex\latex\graphics-def\pdftex.def
File: pdftex.def 2016/07/10 v0.06j Graphics/color for pdfTeX

(D:\Programs\miktex\tex\generic\oberdiek\infwarerr.sty
Package: infwarerr 2016/05/16 v1.4 Providing info/warning/error messages (HO)
)
(D:\Programs\miktex\tex\generic\oberdiek\ltxcmds.sty
Package: ltxcmds 2016/05/16 v1.23 LaTeX kernel commands for general use (HO)
)
\Gread@gobject=\count94
))
\Gin@req@height=\dimen125
\Gin@req@width=\dimen126
)
(D:\Programs\miktex\tex\latex\subfig\subfig.sty
Package: subfig 2005/06/28 ver: 1.3 subfig package

(D:\Programs\miktex\tex\latex\caption\caption3.sty
Package: caption3 2016/05/22 v1.7-166 caption3 kernel (AR)
Package caption3 Info: TeX engine: e-TeX on input line 67.
\captionmargin=\dimen127
\captionmargin@=\dimen128
\captionwidth=\dimen129
\caption@tempdima=\dimen130
\caption@indent=\dimen131
\caption@parindent=\dimen132
\caption@hangindent=\dimen133
Package caption Info: Unknown document class (or package),
(caption)             standard defaults will be used.
)
\c@KVtest=\count95
\sf@farskip=\skip44
\sf@captopadj=\dimen134
\sf@capskip=\skip45
\sf@nearskip=\skip46
\c@subfigure=\count96
\c@subfigure@save=\count97
\c@lofdepth=\count98
\c@subtable=\count99
\c@subtable@save=\count100
\c@lotdepth=\count101
\sf@top=\skip47
\sf@bottom=\skip48
)
(D:\Programs\miktex\tex\latex\tools\tabularx.sty
Package: tabularx 2016/02/03 v2.11 `tabularx' package (DPC)

(D:\Programs\miktex\tex\latex\tools\array.sty
Package: array 2014/10/28 v2.4c Tabular extension package (FMi)
\col@sep=\dimen135
\extrarowheight=\dimen136
\NC@list=\toks16
\extratabsurround=\skip49
\backup@length=\skip50
)
\TX@col@width=\dimen137
\TX@old@table=\dimen138
\TX@old@col=\dimen139
\TX@target=\dimen140
\TX@delta=\dimen141
\TX@cols=\count102
\TX@ftn=\toks17
)
(D:\Programs\miktex\tex\latex\graphics\color.sty
Package: color 2016/07/10 v1.1e Standard LaTeX Color (DPC)

(D:\Programs\miktex\tex\latex\graphics-cfg\color.cfg
File: color.cfg 2016/01/02 v1.6 sample color configuration
)
Package color Info: Driver file: pdftex.def on input line 147.
)
(D:\Programs\miktex\tex\latex\algorithm2e\algorithm2e.sty
Package: algorithm2e 2013/01/06 v5.00 algorithms environments
\c@AlgoLine=\count103

(D:\Programs\miktex\tex\latex\base\ifthen.sty
Package: ifthen 2014/09/29 v1.1c Standard LaTeX ifthen package (DPC)
)
\algocf@hangindent=\skip51

(D:\Programs\miktex\tex\latex\tools\xspace.sty
Package: xspace 2014/10/28 v1.13 Space after command names (DPC,MH)
)
(D:\Programs\miktex\tex\latex\ltxmisc\relsize.sty
Package: relsize 2003/07/04 ver 3.1
)
********************************************************
Package `algorithm2e' Release 5.1 -- october 19 2015 --
- algorithm2e-announce@lirmm.fr mailing list for announcement about releases
- algorithm2e-discussion@lirmm.fr mailing list for discussion about package
subscribe by emailing sympa@lirmm.fr with 'subscribe <list> <firstname name>'
- Author: Christophe Fiorio (christophe.fiorio@umontpellier.fr)
********************************************************
\skiptotal=\skip52
\skiplinenumber=\skip53
\skiprule=\skip54
\skiphlne=\skip55
\skiptext=\skip56
\skiplength=\skip57
\algomargin=\skip58
\skipalgocfslide=\skip59
\algowidth=\dimen142
\inoutsize=\dimen143
\inoutindent=\dimen144
\interspacetitleruled=\dimen145
\interspacealgoruled=\dimen146
\interspacetitleboxruled=\dimen147
\algocf@ruledwidth=\skip60
\algocf@inoutbox=\box28
\algocf@inputbox=\box29
\AlCapSkip=\skip61
\AlCapHSkip=\skip62
\algoskipindent=\skip63
\algocf@nlbox=\box30
\algocf@hangingbox=\box31
\algocf@untilbox=\box32
\algocf@skipuntil=\skip64
\algocf@capbox=\box33
\algoheightruledefault=\skip65
\algoheightrule=\skip66
\algotitleheightruledefault=\skip67
\algotitleheightrule=\skip68
\c@algocfline=\count104
\c@algocfproc=\count105
\c@algocf=\count106
\algocf@algoframe=\box34
\algocf@algobox=\box35
) (D:\Programs\miktex\tex\latex\amsmath\amsmath.sty
Package: amsmath 2016/06/28 v2.15d AMS math features
\@mathmargin=\skip69

For additional information on amsmath, use the `?' option.
(D:\Programs\miktex\tex\latex\amsmath\amstext.sty
Package: amstext 2000/06/29 v2.01 AMS text

(D:\Programs\miktex\tex\latex\amsmath\amsgen.sty
File: amsgen.sty 1999/11/30 v2.0 generic functions
\@emptytoks=\toks18
\ex@=\dimen148
))
(D:\Programs\miktex\tex\latex\amsmath\amsbsy.sty
Package: amsbsy 1999/11/29 v1.2d Bold Symbols
\pmbraise@=\dimen149
)
(D:\Programs\miktex\tex\latex\amsmath\amsopn.sty
Package: amsopn 2016/03/08 v2.02 operator names
)
\inf@bad=\count107
LaTeX Info: Redefining \frac on input line 199.
\uproot@=\count108
\leftroot@=\count109
LaTeX Info: Redefining \overline on input line 297.
\classnum@=\count110
\DOTSCASE@=\count111
LaTeX Info: Redefining \ldots on input line 394.
LaTeX Info: Redefining \dots on input line 397.
LaTeX Info: Redefining \cdots on input line 518.
\Mathstrutbox@=\box36
\strutbox@=\box37
\big@size=\dimen150
LaTeX Font Info:    Redeclaring font encoding OML on input line 634.
LaTeX Font Info:    Redeclaring font encoding OMS on input line 635.
\macc@depth=\count112
\c@MaxMatrixCols=\count113
\dotsspace@=\muskip10
\c@parentequation=\count114
\dspbrk@lvl=\count115
\tag@help=\toks19
\row@=\count116
\column@=\count117
\maxfields@=\count118
\andhelp@=\toks20
\eqnshift@=\dimen151
\alignsep@=\dimen152
\tagshift@=\dimen153
\tagwidth@=\dimen154
\totwidth@=\dimen155
\lineht@=\dimen156
\@envbody=\toks21
\multlinegap=\skip70
\multlinetaggap=\skip71
\mathdisplay@stack=\toks22
LaTeX Info: Redefining \[ on input line 2739.
LaTeX Info: Redefining \] on input line 2740.
)
(D:\Programs\miktex\tex\latex\threeparttable\threeparttable.sty
Package: threeparttable 2003/06/13  v 3.0
\@tempboxb=\box38
)
(confluence.aux)
\openout1 = `confluence.aux'.

LaTeX Font Info:    Checking defaults for OML/cmm/m/it on input line 386.
LaTeX Font Info:    ... okay on input line 386.
LaTeX Font Info:    Checking defaults for T1/cmr/m/n on input line 386.
LaTeX Font Info:    ... okay on input line 386.
LaTeX Font Info:    Checking defaults for OT1/cmr/m/n on input line 386.
LaTeX Font Info:    ... okay on input line 386.
LaTeX Font Info:    Checking defaults for OMS/cmsy/m/n on input line 386.
LaTeX Font Info:    ... okay on input line 386.
LaTeX Font Info:    Checking defaults for OMX/cmex/m/n on input line 386.
LaTeX Font Info:    ... okay on input line 386.
LaTeX Font Info:    Checking defaults for U/cmr/m/n on input line 386.
LaTeX Font Info:    ... okay on input line 386.

-- Lines per column: 61 (exact).
(D:\Programs\miktex\tex\context\base\supp-pdf.mkii
[Loading MPS to PDF converter (version 2006.09.02).]
\scratchcounter=\count119
\scratchdimen=\dimen157
\scratchbox=\box39
\nofMPsegments=\count120
\nofMParguments=\count121
\everyMPshowfont=\toks23
\MPscratchCnt=\count122
\MPscratchDim=\dimen158
\MPnumerator=\count123
\makeMPintoPDFobject=\count124
\everyMPtoPDFconversion=\toks24
) (D:\Programs\miktex\tex\generic\oberdiek\pdftexcmds.sty
Package: pdftexcmds 2016/05/21 v0.22 Utility functions of pdfTeX for LuaTeX (HO
)

(D:\Programs\miktex\tex\generic\oberdiek\ifluatex.sty
Package: ifluatex 2016/05/16 v1.4 Provides the ifluatex switch (HO)
Package ifluatex Info: LuaTeX not detected.
)
(D:\Programs\miktex\tex\generic\oberdiek\ifpdf.sty
Package: ifpdf 2016/05/14 v3.1 Provides the ifpdf switch
)
Package pdftexcmds Info: LuaTeX not detected.
Package pdftexcmds Info: \pdf@primitive is available.
Package pdftexcmds Info: \pdf@ifprimitive is available.
Package pdftexcmds Info: \pdfdraftmode found.
)
(D:\Programs\miktex\tex\latex\oberdiek\epstopdf-base.sty
Package: epstopdf-base 2016/05/15 v2.6 Base part for package epstopdf

(D:\Programs\miktex\tex\latex\oberdiek\grfext.sty
Package: grfext 2016/05/16 v1.2 Manage graphics extensions (HO)

(D:\Programs\miktex\tex\generic\oberdiek\kvdefinekeys.sty
Package: kvdefinekeys 2016/05/16 v1.4 Define keys (HO)
))
(D:\Programs\miktex\tex\latex\oberdiek\kvoptions.sty
Package: kvoptions 2016/05/16 v3.12 Key value format for package options (HO)

(D:\Programs\miktex\tex\generic\oberdiek\kvsetkeys.sty
Package: kvsetkeys 2016/05/16 v1.17 Key value parser (HO)

(D:\Programs\miktex\tex\generic\oberdiek\etexcmds.sty
Package: etexcmds 2016/05/16 v1.6 Avoid name clashes with e-TeX commands (HO)
Package etexcmds Info: Could not find \expanded.
(etexcmds)             That can mean that you are not using pdfTeX 1.50 or
(etexcmds)             that some package has redefined \expanded.
(etexcmds)             In the latter case, load this package earlier.
)))
Package epstopdf-base Info: Redefining graphics rule for `.eps' on input line 4
38.
Package grfext Info: Graphics extension search list:
(grfext)             [.pdf,.jpg,.png,.eps]
(grfext)             \AppendGraphicsExtensions on input line 456.
)
Package caption Info: Begin \AtBeginDocument code.
Package caption Info: subfig package v1.3 is loaded.
Package caption Info: End \AtBeginDocument code.
LaTeX Font Info:    Try loading font information for OT1+phv on input line 528.


(D:\Programs\miktex\tex\latex\psnfss\ot1phv.fd
File: ot1phv.fd 2001/06/04 scalable font definitions for OT1/phv.
)

LaTeX Warning: No \author given.

LaTeX Font Info:    Font shape `OT1/phv/bx/n' in size <8.03> not available
(Font)              Font shape `OT1/phv/b/n' tried instead on input line 528.
LaTeX Font Info:    Calculating math sizes for size <11.04124> on input line 52
8.
LaTeX Font Info:    Try loading font information for U+pzd on input line 528.
(D:\Programs\miktex\tex\latex\psnfss\upzd.fd
File: upzd.fd 2001/06/04 font definitions for U/pzd.
)

LaTeX Warning: No \author given.


LaTeX Warning: No \author given.

LaTeX Font Info:    Font shape `OT1/phv/bx/n' in size <11.04124> not available
(Font)              Font shape `OT1/phv/b/n' tried instead on input line 556.
LaTeX Font Info:    Font shape `OT1/phv/bx/sc' in size <11.04124> not available

(Font)              Font shape `OT1/phv/b/sc' tried instead on input line 556.

Underfull \hbox (badness 1817) in paragraph at lines 590--604
[]\OT1/ppl/m/n/9.53561 Distributed ap-pli-ca-tions con-sist-ing of it-er-a-tive
 dis-
 []

[1{C:/ProgramData/MiKTeX/2.9/pdftex/config/pdftex.map}


]
LaTeX Font Info:    Calculating math sizes for size <9.53561> on input line 675
.

<./figure/figure1.pdf, id=10, 278.03876pt x 494.84875pt>
File: ./figure/figure1.pdf Graphic file (type pdf)

<use ./figure/figure1.pdf>
Package pdftex.def Info: ./figure/figure1.pdf used on input line 699.
(pdftex.def)             Requested size: 252.94499pt x 450.19226pt.
 [2 <./figure/figure1.pdf>]
LaTeX Font Info:    Font shape `OT1/phv/bx/n' in size <9.53561> not available
(Font)              Font shape `OT1/phv/b/n' tried instead on input line 778.
 [3]
LaTeX Font Info:    Try loading font information for OT1+pcr on input line 949.


(D:\Programs\miktex\tex\latex\psnfss\ot1pcr.fd
File: ot1pcr.fd 2001/06/04 font definitions for OT1/pcr.
) [4]
<./figure/figure3.pdf, id=70, 397.485pt x 293.095pt>
File: ./figure/figure3.pdf Graphic file (type pdf)

<use ./figure/figure3.pdf>
Package pdftex.def Info: ./figure/figure3.pdf used on input line 1037.
(pdftex.def)             Requested size: 252.94499pt x 186.52022pt.
\c@theorem=\count125
\c@conduction=\count126
 [5 <./figure/figure3.pdf>]
\c@siTheorem=\count127

Underfull \hbox (badness 1789) in paragraph at lines 1117--1119
[]\OT1/ppl/b/it/9.53561 Theorem 2. []\OT1/ppl/m/n/9.53561 The data trans-fer si
ze for col-lect-ing the
 []

[6] <./figure/figure4.pdf, id=95, 558.085pt x 385.44pt>
File: ./figure/figure4.pdf Graphic file (type pdf)

<use ./figure/figure4.pdf>
Package pdftex.def Info: ./figure/figure4.pdf used on input line 1215.
(pdftex.def)             Requested size: 505.88998pt x 349.40411pt.

Overfull \hbox (4.59415pt too wide) in alignment at lines 1269--1269
[][] 
 []


Overfull \hbox (6.0225pt too wide) in paragraph at lines 1269--1271
 [][] 
 []

[7] (D:\Programs\miktex\tex\latex\psnfss\omsppl.fd)
Overfull \hbox (9.58527pt too wide) in alignment at lines 1358--1358
[][][] 
 []

[8 <./figure/figure4.pdf>]
Underfull \hbox (badness 10000) in alignment at lines 1446--1446
[][][] 
 []


Underfull \hbox (badness 3930) in paragraph at lines 1474--1475
[]\OT1/ppl/m/it/9.53561 data.shuffleOperation (new Con-flu-en-cePar-ti-tioner (
num-
 []

[9] <./figure/figure5.pdf, id=220, 458.71375pt x 358.33875pt>
File: ./figure/figure5.pdf Graphic file (type pdf)

<use ./figure/figure5.pdf>
Package pdftex.def Info: ./figure/figure5.pdf used on input line 1515.
(pdftex.def)             Requested size: 252.94499pt x 197.59543pt.
 [10 <./figure/figure5.pdf>]
<./figure/figure6.pdf, id=267, 463.7325pt x 361.35pt>
File: ./figure/figure6.pdf Graphic file (type pdf)

<use ./figure/figure6.pdf>
Package pdftex.def Info: ./figure/figure6.pdf used on input line 1553.
(pdftex.def)             Requested size: 252.94499pt x 197.10002pt.

<./figure/figure7.pdf, id=268, 457.71pt x 343.2825pt>
File: ./figure/figure7.pdf Graphic file (type pdf)

<use ./figure/figure7.pdf>
Package pdftex.def Info: ./figure/figure7.pdf used on input line 1563.
(pdftex.def)             Requested size: 252.94499pt x 189.7069pt.
 [11 <./figure/figure6.pdf> <./figure/figure7.pdf>]
Underfull \vbox (badness 10000) has occurred while \output is active []


(confluence.bbl [12]
Underfull \hbox (badness 2393) in paragraph at lines 146--149
\OT1/ppl/m/n/8.03 able: https://databricks-training.s3.amazonaws.com/movie-
 []


Underfull \hbox (badness 2181) in paragraph at lines 152--155
[]\OT1/ppl/m/n/8.03 ``Multiadjacentlist bench-mark.'' [On-line]. Avail-able:
 []


Underfull \hbox (badness 1533) in paragraph at lines 158--161
[]\OT1/ppl/m/n/8.03 ``Spark kmeans bench-mark.'' [On-line]. Avail-able:
 []


Underfull \hbox (badness 3219) in paragraph at lines 164--167
[]\OT1/ppl/m/n/8.03 ``Hku gideon-ii clus-ter.'' [On-line]. Avail-able:
 []

) [13] (confluence.aux) )
(\end occurred inside a group at level 1)

### simple group (level 1) entered at line 1061 ({)
### bottom level 
Here is how much of TeX's memory you used:
 5180 strings out of 493333
 81121 string characters out of 3143095
 166735 words of memory out of 3000000
 8618 multiletter control sequences out of 15000+200000
 44079 words of font info for 100 fonts, out of 3000000 for 9000
 1146 hyphenation exceptions out of 8191
 40i,16n,38p,558b,2856s stack positions out of 5000i,500n,10000p,200000b,50000s
{D:/Programs/miktex/fonts/enc/dvips/base/8r.enc}<D:/Programs/mi
ktex/fonts/type1/public/amsfonts/cm/cmex10.pfb><D:/Programs/miktex/fonts/type1/
public/amsfonts/cmextra/cmex7.pfb><D:/Programs/miktex/fonts/type1/public/amsfon
ts/cmextra/cmex8.pfb><D:/Programs/miktex/fonts/type1/public/amsfonts/cmextra/cm
ex9.pfb><D:/Programs/miktex/fonts/type1/public/amsfonts/cm/cmmi10.pfb><D:/Progr
ams/miktex/fonts/type1/public/amsfonts/cm/cmmi5.pfb><D:/Programs/miktex/fonts/t
ype1/public/amsfonts/cm/cmmi6.pfb><D:/Programs/miktex/fonts/type1/public/amsfon
ts/cm/cmmi7.pfb><D:/Programs/miktex/fonts/type1/public/amsfonts/cm/cmmi8.pfb><D
:/Programs/miktex/fonts/type1/public/amsfonts/cm/cmr10.pfb><D:/Programs/miktex/
fonts/type1/public/amsfonts/cm/cmr5.pfb><D:/Programs/miktex/fonts/type1/public/
amsfonts/cm/cmr6.pfb><D:/Programs/miktex/fonts/type1/public/amsfonts/cm/cmr7.pf
b><D:/Programs/miktex/fonts/type1/public/amsfonts/cm/cmr8.pfb><D:/Programs/mikt
ex/fonts/type1/public/amsfonts/cm/cmr9.pfb><D:/Programs/miktex/fonts/type1/publ
ic/amsfonts/cm/cmsy10.pfb><D:/Programs/miktex/fonts/type1/public/amsfonts/cm/cm
sy5.pfb><D:/Programs/miktex/fonts/type1/public/amsfonts/cm/cmsy6.pfb><D:/Progra
ms/miktex/fonts/type1/public/amsfonts/cm/cmsy7.pfb><D:/Programs/miktex/fonts/ty
pe1/public/amsfonts/cm/cmsy8.pfb><D:/Programs/miktex/fonts/type1/public/amsfont
s/cm/cmsy9.pfb><D:/Programs/miktex/fonts/type1/urw/courier/ucrr8a.pfb><D:/Progr
ams/miktex/fonts/type1/urw/helvetic/uhvb8a.pfb><D:/Programs/miktex/fonts/type1/
urw/helvetic/uhvr8a.pfb><D:/Programs/miktex/fonts/type1/urw/palatino/uplb8a.pfb
><D:/Programs/miktex/fonts/type1/urw/palatino/uplbi8a.pfb><D:/Programs/miktex/f
onts/type1/urw/palatino/uplr8a.pfb><D:/Programs/miktex/fonts/type1/urw/palatino
/uplri8a.pfb><D:/Programs/miktex/fonts/type1/urw/zapfding/uzdr.pfb>
Output written on confluence.pdf (13 pages, 706714 bytes).
PDF statistics:
 437 PDF objects out of 1000 (max. 8388607)
 0 named destinations out of 1000 (max. 500000)
 31 words of extra memory for PDF output out of 10000 (max. 10000000)

